[debug] [2020-06-05T12:02:53.550Z] ----------------------------------------------------------------------
[debug] [2020-06-05T12:02:53.553Z] Command:       C:\Program Files\nodejs\node.exe C:\Users\GWL\AppData\Roaming\npm\node_modules\firebase-tools\lib\bin\firebase.js emulators:start --only functions
[debug] [2020-06-05T12:02:53.553Z] CLI Version:   7.4.0
[debug] [2020-06-05T12:02:53.553Z] Platform:      win32
[debug] [2020-06-05T12:02:53.553Z] Node Version:  v10.16.3
[debug] [2020-06-05T12:02:53.555Z] Time:          Fri Jun 05 2020 17:32:53 GMT+0530 (India Standard Time)
[debug] [2020-06-05T12:02:53.555Z] ----------------------------------------------------------------------
[debug] 
[info] i  Starting emulators: ["functions"]
[warn] !  Your requested "node" version "8" doesn't match your global version "10"
[info] +  functions: Emulator started at http://localhost:5001
[info] i  functions: Watching "C:\Users\GWL\Documents\final\mihy-repo\packages\mihy-ui-covid19-frontend\functions" for Cloud Functions...
[debug] [2020-06-05T12:02:54.549Z] [runtime-status] Functions runtime initialized. {"cwd":"C:\\Users\\GWL\\Documents\\final\\mihy-repo\\packages\\mihy-ui-covid19-frontend\\functions","node_version":"10.16.3"}
[debug] [2020-06-05T12:02:54.549Z] [runtime-status] Disabled runtime features: undefined {}
[debug] [2020-06-05T12:02:54.554Z] [runtime-status] Resolved module firebase-admin {"declared":true,"installed":true,"version":"8.10.0","resolution":"C:\\Users\\GWL\\Documents\\final\\mihy-repo\\packages\\mihy-ui-covid19-frontend\\functions\\node_modules\\firebase-admin\\lib\\index.js"}
[debug] [2020-06-05T12:02:54.557Z] [runtime-status] Resolved module firebase-functions {"declared":true,"installed":true,"version":"3.6.0","resolution":"C:\\Users\\GWL\\Documents\\final\\mihy-repo\\packages\\mihy-ui-covid19-frontend\\functions\\node_modules\\firebase-functions\\lib\\index.js"}
[debug] [2020-06-05T12:02:54.938Z] [runtime-status] Found google-gax at C:\Users\GWL\Documents\final\mihy-repo\packages\mihy-ui-covid19-frontend\functions\node_modules\google-gax\build\src\index.js {}
[debug] [2020-06-05T12:02:54.938Z] [runtime-status] Outgoing network have been stubbed. [{"name":"http","status":"mocked"},{"name":"http","status":"mocked"},{"name":"https","status":"mocked"},{"name":"https","status":"mocked"},{"name":"net","status":"mocked"},{"name":"google-gax","status":"mocked"}]
[debug] [2020-06-05T12:02:54.985Z] [runtime-status] Checked functions.config() {"config":{}}
[debug] [2020-06-05T12:02:54.986Z] [runtime-status] Resolved module firebase-functions {"declared":true,"installed":true,"version":"3.6.0","resolution":"C:\\Users\\GWL\\Documents\\final\\mihy-repo\\packages\\mihy-ui-covid19-frontend\\functions\\node_modules\\firebase-functions\\lib\\index.js"}
[debug] [2020-06-05T12:02:54.987Z] [runtime-status] Resolved module firebase-admin {"declared":true,"installed":true,"version":"8.10.0","resolution":"C:\\Users\\GWL\\Documents\\final\\mihy-repo\\packages\\mihy-ui-covid19-frontend\\functions\\node_modules\\firebase-admin\\lib\\index.js"}
[debug] [2020-06-05T12:02:55.062Z] [runtime-status] firebase-admin has been stubbed. {"adminResolution":{"declared":true,"installed":true,"version":"8.10.0","resolution":"C:\\Users\\GWL\\Documents\\final\\mihy-repo\\packages\\mihy-ui-covid19-frontend\\functions\\node_modules\\firebase-admin\\lib\\index.js"}}
[debug] [2020-06-05T12:02:55.683Z] [runtime-status] initializeApp(DEFAULT) {"databaseURL":"https://mihy-all.firebaseio.com","storageBucket":"mihy-all.appspot.com","projectId":"mihy-all","credential":{"implicit":false,"projectId":"mihy-all","privateKey":"-----BEGIN PRIVATE KEY-----\nMIIEvQIBADANBgkqhkiG9w0BAQEFAASCBKcwggSjAgEAAoIBAQCtbMGJIS4zDDrn\n2osxE8aGSY7UnJ/zlwjAlaT81GkvxIzhxBYqjx0Y0m/LPix2Tx+MPSl9Vs7r4gt8\nHRELSyKrbPT2DvLPVpt5DtdPeaeBZbV/VEYtwi252tojcKkfPRSN/sfCVnd5jPBv\nBM6T1WvgN3HeIo1y2/obkgj1qBy9Dm+j9iFIy08D1jv6qrFR4n74lgtjCK9mtat6\nLoZ1FlUvTz3tBu834qNEfBKRpEjewthUb7BvOfr8tY9s+p9hokfl1TlYZcnsLvK3\nWDlZGj+NXjM4lTlHLXBzhzTAdpKY/p4xv6ajJyAU/M9Zjb7nOal+BGWWqiCyHURg\nZ3r8klFDAgMBAAECggEABrDuX87xoxe3a9KmyL+tb3s8yBqpxcldcRVU/W6Nvhzt\ni7z36Wa9TvGUKOvjd9iG0Mrtmt/TsbK/kh5T1gVtQHEaCUsyWxfbxqPxF00MBXF+\nlqA26YdXRpdQNG786cFaHtBmSBiqhtfFPwx0bj6dMlRMvYp7K8h2seh7Xt8JnNGt\neP7Oac4ZJsGWRSSxF7YN8Fca+nMz5qJfv5mtvckc6nqy3wMIEB8RUWkfXtM9khfU\nWO0vA1+4FHK+Sx/YBRzKtvl5wOEubRYRpimxK4KBojjNnZIzMMTftKUbONkJ7Q3C\na1lbBQsG/rld3C3lfF4KjeTKS8g4zy1lx+FP6FxsgQKBgQDhjZzR2Rz7IHVWHVTA\ngm97VErKrHW/17z3oUnQE3qJZGcO7r3Nlj/Mlp8fhJT/5h5WfclaZLQzqkdMfQ98\n+HReiSC27MqnPesaBc3EoumOO5ynST5XPgt/KuQhtLiO4HpduAbJGRt5URLsbCX4\nGPI4KEjfzKGYBHsDXu2Ic/2K8QKBgQDE1cGt6AWAlHqYs44e/oMpaKhKrhSFJ3kv\nOLorlothrGZIRoZvAkfr3OHJsPuEXfmmuuYYqQ1/20G57OzXR0+ZfZqw7VzXEYx2\n5fbwr1ak7EQyBbB6aNCrL4EgymZRUkOgHDJKaEiRH90KsIK9uZ2UV7VBWU/dYNAX\noIxsjMVXcwKBgDp5GfSVEpxP99tRU01tAzW3zoPoXcZUSZrw50/YHOZNbyJB5lbL\n4tJJIgtrtaz5nVfS2EZk4Qqb1EwSB9fgGVsAtch2brsYpEBkzMlzapUDA0OjC1RW\ns2hOWEIctdPkghSVxryPk73JtNwx1U4SOYkxeGL8i8/7KWDgVTgQyeQhAoGAXlZc\nly7mxDNldp5H9U7iKgyA7Bn2t8KtcBZuE8n5T3zDIMy8TaP4OHEKvhHW2h/4MRLO\niO8tCyRYofWNpbgFzHjIlReOMX21pp6c9cnzauPZ42eap3Bo4kLITqDy3PLienBJ\nIiRM81EkLaVfY/L8NUa8Fm/puR5XXZuS8cueIUUCgYEAmFIHvVeiI84H+1rp6E8+\nwuLyxGKBonhFuIZRbEJfeXdujPVOjR2mZDzVIay7zraqgbX31PIJFmMUh/g3iYqJ\nSaAjH2YM+W8YW6rnF2shefg/q9pxdp6coCMFf31aapIdYpZ3Tgmhs6qi9D4u8tNA\nEdP2aTph2+EjpSD2D0EV8Fc=\n-----END PRIVATE KEY-----\n","clientEmail":"mihy-all@appspot.gserviceaccount.com","httpClient":{"retry":{"maxRetries":4,"statusCodes":[503],"ioErrorCodes":["ECONNRESET","ETIMEDOUT"],"backOffFactor":0.5,"maxDelayInMillis":60000}}}}
[warn] !  functions: The Realtime Database emulator is not running, so calls to Realtime Database will affect production.
[info] >  function emulator true
[info] +  functions[get_state_wise_status]: http function initialized (http://localhost:5001/mihy-all/us-central1/get_state_wise_status).
[info] +  functions[get_district_wise_status]: http function initialized (http://localhost:5001/mihy-all/us-central1/get_district_wise_status).
[info] +  functions[createService]: http function initialized (http://localhost:5001/mihy-all/us-central1/createService).
[info] +  functions[getService]: http function initialized (http://localhost:5001/mihy-all/us-central1/getService).
[info] +  functions[get_world_wise_status]: http function initialized (http://localhost:5001/mihy-all/us-central1/get_world_wise_status).
[info] +  functions[get_countries_wise_status]: http function initialized (http://localhost:5001/mihy-all/us-central1/get_countries_wise_status).
[info] +  functions[createFeedback]: http function initialized (http://localhost:5001/mihy-all/us-central1/createFeedback).
[info] +  functions[getFeedback]: http function initialized (http://localhost:5001/mihy-all/us-central1/getFeedback).
[info] +  functions[createEnquiry]: http function initialized (http://localhost:5001/mihy-all/us-central1/createEnquiry).
[info] +  All emulators started, it is now safe to connect.
[debug] [2020-06-05T12:03:21.172Z] Accepted request POST /mihy-all/us-central1/createEnquiry --> createEnquiry
[debug] [2020-06-05T12:03:22.137Z] [runtime-status] Functions runtime initialized. {"cwd":"C:\\Users\\GWL\\Documents\\final\\mihy-repo\\packages\\mihy-ui-covid19-frontend\\functions","node_version":"10.16.3"}
[info] i  functions: Beginning execution of "createEnquiry"
[debug] [2020-06-05T12:03:22.138Z] [runtime-status] Disabled runtime features: undefined {}
[debug] [2020-06-05T12:03:22.143Z] [runtime-status] Resolved module firebase-admin {"declared":true,"installed":true,"version":"8.10.0","resolution":"C:\\Users\\GWL\\Documents\\final\\mihy-repo\\packages\\mihy-ui-covid19-frontend\\functions\\node_modules\\firebase-admin\\lib\\index.js"}
[debug] [2020-06-05T12:03:22.146Z] [runtime-status] Resolved module firebase-functions {"declared":true,"installed":true,"version":"3.6.0","resolution":"C:\\Users\\GWL\\Documents\\final\\mihy-repo\\packages\\mihy-ui-covid19-frontend\\functions\\node_modules\\firebase-functions\\lib\\index.js"}
[debug] [2020-06-05T12:03:22.576Z] [runtime-status] Found google-gax at C:\Users\GWL\Documents\final\mihy-repo\packages\mihy-ui-covid19-frontend\functions\node_modules\google-gax\build\src\index.js {}
[debug] [2020-06-05T12:03:22.576Z] [runtime-status] Outgoing network have been stubbed. [{"name":"http","status":"mocked"},{"name":"http","status":"mocked"},{"name":"https","status":"mocked"},{"name":"https","status":"mocked"},{"name":"net","status":"mocked"},{"name":"google-gax","status":"mocked"}]
[debug] [2020-06-05T12:03:22.641Z] [runtime-status] Checked functions.config() {"config":{}}
[debug] [2020-06-05T12:03:22.642Z] [runtime-status] Resolved module firebase-functions {"declared":true,"installed":true,"version":"3.6.0","resolution":"C:\\Users\\GWL\\Documents\\final\\mihy-repo\\packages\\mihy-ui-covid19-frontend\\functions\\node_modules\\firebase-functions\\lib\\index.js"}
[debug] [2020-06-05T12:03:22.643Z] [runtime-status] Resolved module firebase-admin {"declared":true,"installed":true,"version":"8.10.0","resolution":"C:\\Users\\GWL\\Documents\\final\\mihy-repo\\packages\\mihy-ui-covid19-frontend\\functions\\node_modules\\firebase-admin\\lib\\index.js"}
[debug] [2020-06-05T12:03:22.760Z] [runtime-status] firebase-admin has been stubbed. {"adminResolution":{"declared":true,"installed":true,"version":"8.10.0","resolution":"C:\\Users\\GWL\\Documents\\final\\mihy-repo\\packages\\mihy-ui-covid19-frontend\\functions\\node_modules\\firebase-admin\\lib\\index.js"}}
[debug] [2020-06-05T12:03:23.160Z] [runtime-status] initializeApp(DEFAULT) {"databaseURL":"https://mihy-all.firebaseio.com","storageBucket":"mihy-all.appspot.com","projectId":"mihy-all","credential":{"implicit":false,"projectId":"mihy-all","privateKey":"-----BEGIN PRIVATE KEY-----\nMIIEvQIBADANBgkqhkiG9w0BAQEFAASCBKcwggSjAgEAAoIBAQCtbMGJIS4zDDrn\n2osxE8aGSY7UnJ/zlwjAlaT81GkvxIzhxBYqjx0Y0m/LPix2Tx+MPSl9Vs7r4gt8\nHRELSyKrbPT2DvLPVpt5DtdPeaeBZbV/VEYtwi252tojcKkfPRSN/sfCVnd5jPBv\nBM6T1WvgN3HeIo1y2/obkgj1qBy9Dm+j9iFIy08D1jv6qrFR4n74lgtjCK9mtat6\nLoZ1FlUvTz3tBu834qNEfBKRpEjewthUb7BvOfr8tY9s+p9hokfl1TlYZcnsLvK3\nWDlZGj+NXjM4lTlHLXBzhzTAdpKY/p4xv6ajJyAU/M9Zjb7nOal+BGWWqiCyHURg\nZ3r8klFDAgMBAAECggEABrDuX87xoxe3a9KmyL+tb3s8yBqpxcldcRVU/W6Nvhzt\ni7z36Wa9TvGUKOvjd9iG0Mrtmt/TsbK/kh5T1gVtQHEaCUsyWxfbxqPxF00MBXF+\nlqA26YdXRpdQNG786cFaHtBmSBiqhtfFPwx0bj6dMlRMvYp7K8h2seh7Xt8JnNGt\neP7Oac4ZJsGWRSSxF7YN8Fca+nMz5qJfv5mtvckc6nqy3wMIEB8RUWkfXtM9khfU\nWO0vA1+4FHK+Sx/YBRzKtvl5wOEubRYRpimxK4KBojjNnZIzMMTftKUbONkJ7Q3C\na1lbBQsG/rld3C3lfF4KjeTKS8g4zy1lx+FP6FxsgQKBgQDhjZzR2Rz7IHVWHVTA\ngm97VErKrHW/17z3oUnQE3qJZGcO7r3Nlj/Mlp8fhJT/5h5WfclaZLQzqkdMfQ98\n+HReiSC27MqnPesaBc3EoumOO5ynST5XPgt/KuQhtLiO4HpduAbJGRt5URLsbCX4\nGPI4KEjfzKGYBHsDXu2Ic/2K8QKBgQDE1cGt6AWAlHqYs44e/oMpaKhKrhSFJ3kv\nOLorlothrGZIRoZvAkfr3OHJsPuEXfmmuuYYqQ1/20G57OzXR0+ZfZqw7VzXEYx2\n5fbwr1ak7EQyBbB6aNCrL4EgymZRUkOgHDJKaEiRH90KsIK9uZ2UV7VBWU/dYNAX\noIxsjMVXcwKBgDp5GfSVEpxP99tRU01tAzW3zoPoXcZUSZrw50/YHOZNbyJB5lbL\n4tJJIgtrtaz5nVfS2EZk4Qqb1EwSB9fgGVsAtch2brsYpEBkzMlzapUDA0OjC1RW\ns2hOWEIctdPkghSVxryPk73JtNwx1U4SOYkxeGL8i8/7KWDgVTgQyeQhAoGAXlZc\nly7mxDNldp5H9U7iKgyA7Bn2t8KtcBZuE8n5T3zDIMy8TaP4OHEKvhHW2h/4MRLO\niO8tCyRYofWNpbgFzHjIlReOMX21pp6c9cnzauPZ42eap3Bo4kLITqDy3PLienBJ\nIiRM81EkLaVfY/L8NUa8Fm/puR5XXZuS8cueIUUCgYEAmFIHvVeiI84H+1rp6E8+\nwuLyxGKBonhFuIZRbEJfeXdujPVOjR2mZDzVIay7zraqgbX31PIJFmMUh/g3iYqJ\nSaAjH2YM+W8YW6rnF2shefg/q9pxdp6coCMFf31aapIdYpZ3Tgmhs6qi9D4u8tNA\nEdP2aTph2+EjpSD2D0EV8Fc=\n-----END PRIVATE KEY-----\n","clientEmail":"mihy-all@appspot.gserviceaccount.com","httpClient":{"retry":{"maxRetries":4,"statusCodes":[503],"ioErrorCodes":["ECONNRESET","ETIMEDOUT"],"backOffFactor":0.5,"maxDelayInMillis":60000}}}}
[warn] !  functions: The Realtime Database emulator is not running, so calls to Realtime Database will affect production.
[info] >  function emulator true
[debug] [2020-06-05T12:03:23.590Z] [runtime-status] Trigger "createEnquiry" has been found, beginning invocation! {}
[debug] [2020-06-05T12:03:23.590Z] [runtime-status]  {"httpsTrigger":{},"name":"createEnquiry","entryPoint":"createEnquiry"}
[debug] [2020-06-05T12:03:23.590Z] [runtime-status] Running createEnquiry in mode HTTPS {}
[debug] [2020-06-05T12:03:23.603Z] {"socketPath":"\\\\?\\pipe\\C:\\Users\\GWL\\Documents\\final\\mihy-repo\\packages\\mihy-ui-covid19-frontend\\functions\\18340"}
[debug] [2020-06-05T12:03:23.603Z] [functions] Runtime ready! Sending request! {"socketPath":"\\\\?\\pipe\\C:\\Users\\GWL\\Documents\\final\\mihy-repo\\packages\\mihy-ui-covid19-frontend\\functions\\18340"}
[debug] [2020-06-05T12:03:23.747Z] [runtime-status] Ephemeral server used! {}
[debug] [2020-06-05T12:03:23.756Z] [runtime-status] Ephemeral server survived. {}
[info] i  functions: Finished "createEnquiry" in ~2s
